2026-01-06 14:26:38,189 - ✅ KUESA OK (1.32s)
2026-01-06 14:26:39,918 - ✅ Sccodev OK (1.73s)
2026-01-06 14:44:16,016 - ✅ KUESA OK (1.79s)
2026-01-06 14:44:18,018 - ✅ Sccodev OK (1.99s)
2026-01-06 14:56:47,810 - ✅ KUESA OK (1.57s)
2026-01-06 14:56:49,080 - ✅ Sccodev OK (1.27s)
2026-01-06 15:08:03,950 - ✅ KUESA OK (1.21s)
2026-01-06 15:08:05,344 - ✅ Sccodev OK (1.39s)
2026-01-06 15:08:06,510 - ✅ NewRain OK (1.16s)
2026-01-06 15:08:08,097 - ⚠️ ODPC BAD RESPONSE (404)
2026-01-06 15:08:13,115 - Failed to send email: [Errno -2] Name or service not known
2026-01-06 15:08:14,022 - ✅ AgentAssistant OK (0.91s)
2026-01-06 15:08:14,931 - ✅ Ammerah OK (0.91s)
2026-01-06 15:08:15,804 - ✅ MPSR OK (0.87s)
2026-01-06 15:09:31,956 - ✅ KUESA OK (1.23s)
2026-01-06 15:09:33,389 - ✅ Sccodev OK (1.43s)
2026-01-06 15:09:34,475 - ✅ NewRain OK (1.08s)
2026-01-06 15:09:36,256 - ⚠️ ODPC BAD RESPONSE (404)
2026-01-06 15:09:36,273 - Failed to send email: [Errno -2] Name or service not known
2026-01-06 15:09:37,201 - ✅ AgentAssistant OK (0.93s)
2026-01-06 15:09:38,183 - ✅ Ammerah OK (0.98s)
2026-01-06 15:09:39,028 - ✅ MPSR OK (0.84s)2026-01-06 15:32:50,610 - ✅ KUESA OK (0.96s)
2026-01-06 15:32:51,546 - ✅ Sccodev OK (0.94s)
2026-01-06 15:32:52,552 - ✅ NewRain OK (1.0s)
2026-01-06 15:32:54,009 - ⚠️ ODPC BAD RESPONSE (404)
2026-01-06 15:32:59,033 - Failed to send email: [Errno -2] Name or service not known
2026-01-06 15:33:00,111 - ✅ AgentAssistant OK (1.08s)
2026-01-06 15:33:01,085 - ✅ Ammerah OK (0.97s)
2026-01-06 15:33:02,392 - ✅ MPSR OK (1.31s)
